Determining if the pthread_create exist failed with the following output:
Change Dir: /home/alineitudor/Licenta/build/CMakeFiles/CMakeTmp

Run Build Command:"/usr/bin/make" "cmTC_38534/fast"
/usr/bin/make -f CMakeFiles/cmTC_38534.dir/build.make CMakeFiles/cmTC_38534.dir/build
make[1]: Entering directory '/home/alineitudor/Licenta/build/CMakeFiles/CMakeTmp'
Building C object CMakeFiles/cmTC_38534.dir/CheckSymbolExists.c.o
/usr/bin/cc    -o CMakeFiles/cmTC_38534.dir/CheckSymbolExists.c.o   -c /home/alineitudor/Licenta/build/CMakeFiles/CMakeTmp/CheckSymbolExists.c
Linking C executable cmTC_38534
/usr/bin/cmake -E cmake_link_script CMakeFiles/cmTC_38534.dir/link.txt --verbose=1
/usr/bin/cc      -rdynamic CMakeFiles/cmTC_38534.dir/CheckSymbolExists.c.o  -o cmTC_38534 
CMakeFiles/cmTC_38534.dir/CheckSymbolExists.c.o: In function `main':
CheckSymbolExists.c:(.text+0x1b): undefined reference to `pthread_create'
collect2: error: ld returned 1 exit status
CMakeFiles/cmTC_38534.dir/build.make:97: recipe for target 'cmTC_38534' failed
make[1]: *** [cmTC_38534] Error 1
make[1]: Leaving directory '/home/alineitudor/Licenta/build/CMakeFiles/CMakeTmp'
Makefile:126: recipe for target 'cmTC_38534/fast' failed
make: *** [cmTC_38534/fast] Error 2

File /home/alineitudor/Licenta/build/CMakeFiles/CMakeTmp/CheckSymbolExists.c:
/* */
#include <pthread.h>

int main(int argc, char** argv)
{
  (void)argv;
#ifndef pthread_create
  return ((int*)(&pthread_create))[argc];
#else
  (void)argc;
  return 0;
#endif
}

Determining if the function pthread_create exists in the pthreads failed with the following output:
Change Dir: /home/alineitudor/Licenta/build/CMakeFiles/CMakeTmp

Run Build Command:"/usr/bin/make" "cmTC_b350e/fast"
/usr/bin/make -f CMakeFiles/cmTC_b350e.dir/build.make CMakeFiles/cmTC_b350e.dir/build
make[1]: Entering directory '/home/alineitudor/Licenta/build/CMakeFiles/CMakeTmp'
Building C object CMakeFiles/cmTC_b350e.dir/CheckFunctionExists.c.o
/usr/bin/cc   -DCHECK_FUNCTION_EXISTS=pthread_create   -o CMakeFiles/cmTC_b350e.dir/CheckFunctionExists.c.o   -c /usr/share/cmake-3.10/Modules/CheckFunctionExists.c
Linking C executable cmTC_b350e
/usr/bin/cmake -E cmake_link_script CMakeFiles/cmTC_b350e.dir/link.txt --verbose=1
/usr/bin/cc  -DCHECK_FUNCTION_EXISTS=pthread_create    -rdynamic CMakeFiles/cmTC_b350e.dir/CheckFunctionExists.c.o  -o cmTC_b350e -lpthreads 
/usr/bin/ld: cannot find -lpthreads
collect2: error: ld returned 1 exit status
CMakeFiles/cmTC_b350e.dir/build.make:97: recipe for target 'cmTC_b350e' failed
make[1]: *** [cmTC_b350e] Error 1
make[1]: Leaving directory '/home/alineitudor/Licenta/build/CMakeFiles/CMakeTmp'
Makefile:126: recipe for target 'cmTC_b350e/fast' failed
make: *** [cmTC_b350e/fast] Error 2


